[2025-07-18 09:57:09] $ git status --porcelain
M __pycache__/git_operations.cpython-313.pyc
 M __pycache__/gui.cpython-313.pyc
 M __pycache__/utils.cpython-313.pyc
 M git_operations.py
 M gui.py
 M utils.py

[2025-07-18 09:57:13] $ git add .


[2025-07-18 09:57:13] $ git commit -m "testes"
[feature/separando_interface 8013f63] testes
 Committer: Jean Heberth <jeanheberth@Jeans-MacBook-Pro.local>
Your name and email address were configured automatically based
on your username and hostname. Please check that they are accurate.
You can suppress this message by setting them explicitly. Run the
following command and follow the instructions in your editor to edit
your configuration file:

    git config --global --edit

After doing this, you may fix the identity used for this commit with:

    git commit --amend --reset-author

 7 files changed, 48 insertions(+), 33 deletions(-)
 create mode 100644 git_automation.log

[2025-07-18 09:57:16] $ git rev-parse --abbrev-ref HEAD
feature/separando_interface

[2025-07-18 09:57:17] $ git push origin feature/separando_interface

remote: 
remote: Create a pull request for 'feature/separando_interface' on GitHub by visiting:        
remote:      https://github.com/JeanHeberth/automatizarBranch/pull/new/feature/separando_interface        
remote: 
To https://github.com/JeanHeberth/automatizarBranch.git
 * [new branch]      feature/separando_interface -> feature/separando_interface
[2025-07-18 10:00:12] $ git symbolic-ref refs/remotes/origin/HEAD
refs/remotes/origin/master

[2025-07-18 10:00:12] $ git checkout master

error: Your local changes to the following files would be overwritten by checkout:
	__pycache__/gui.cpython-313.pyc
	git_automation.log
	gui.py
Please commit your changes or stash them before you switch branches.
Aborting
[2025-07-18 10:00:13] $ git pull

There is no tracking information for the current branch.
Please specify which branch you want to merge with.
See git-pull(1) for details.

    git pull <remote> <branch>

If you wish to set tracking information for this branch you can do so with:

    git branch --set-upstream-to=origin/<branch> feature/separando_interface
[2025-07-18 10:00:13] $ git branch | grep -v 'master' | xargs git branch -D
Deleted branch feature/criando_logs (was 805658c).
error: branch '*' not found.
error: Cannot delete branch 'feature/separando_interface' checked out at '/Users/jeanheberth/Library/Mobile Documents/com~apple~CloudDocs/Documents/GitClone/DesenvolvimentoPython/automatizarBranch'
[2025-07-18 10:00:13] $ git checkout -b feature/criando_readme

Switched to a new branch 'feature/criando_readme'
[2025-07-18 10:00:13] $ git ls-remote --heads origin develop
ab692cdc49ada42c402ee14262b6221a0824de14	refs/heads/develop

[2025-07-18 10:00:14] $ git pull origin develop
Already up to date.
From https://github.com/JeanHeberth/automatizarBranch
 * branch            develop    -> FETCH_HEAD
[2025-07-18 10:06:32] $ git status --porcelain
AM .gitignore
 M .idea/misc.xml
AM README.md
 M __pycache__/gui.cpython-313.pyc
 M git_automation.log
 M gui.py
AM requirements.txt

